+ exec gosu vibecode node node_modules/.bin/expo start --localhost
Starting project at /home/user/workspace
Starting Metro Bundler
Waiting on http://localhost:8081
Logs for your project will appear below.
iOS ./index.ts ░░░░░░░░░░░░░░░░  0.0% (0/1)
iOS Bundled 931ms index.ts (1243 modules)
iOS ./index.ts ░░░░░░░░░░░░░░░░  0.0% (0/1)
iOS Bundled 78ms index.ts (1 module)
iOS Bundled 76ms index.ts (1 module)
 LOG  [index] Project ID is:  019a52b2-3a5f-7199-8a30-d1e8cd8abb80
iOS Bundled 37ms index.ts (1 module)
iOS Bundled 37ms index.ts (1 module)
 LOG  [index] Project ID is:  019a52b2-3a5f-7199-8a30-d1e8cd8abb80
iOS ./index.ts ░░░░░░░░░░░░░░░░  0.0% (0/1)
iOS Bundled 41ms index.ts (1 module)
iOS Bundled 96ms index.ts (1 module)
 LOG  [index] Project ID is:  019a52b2-3a5f-7199-8a30-d1e8cd8abb80
iOS ./index.ts ░░░░░░░░░░░░░░░░  0.0% (0/1)
iOS Bundled 116ms index.ts (1 module)
 LOG  [index] Project ID is:  019a52b2-3a5f-7199-8a30-d1e8cd8abb80
